[2020-01-19T09:37:36.126] [DEBUG] cheese - login => username:zs,password:123456
[2020-01-19T09:37:36.129] [DEBUG] cheese - zs
[2020-01-19T09:37:36.144] [DEBUG] cheese - null
[2020-01-19T09:37:36.144] [DEBUG] cheese - null
[2020-01-19T09:37:45.423] [DEBUG] cheese - login => username:admin,password:123456
[2020-01-19T09:37:45.423] [DEBUG] cheese - admin
[2020-01-19T09:37:45.432] [DEBUG] cheese - null
[2020-01-19T09:37:45.432] [DEBUG] cheese - null
[2020-01-19T14:58:49.600] [DEBUG] cheese - login => username:admin,password:123456
[2020-01-19T14:58:49.602] [DEBUG] cheese - admin
[2020-01-19T14:58:49.617] [DEBUG] cheese - null
[2020-01-19T14:58:49.618] [DEBUG] cheese - null
[2020-01-19T14:59:44.235] [DEBUG] cheese - login => username:admin,password:123456
[2020-01-19T14:59:44.235] [DEBUG] cheese - admin
[2020-01-19T14:59:44.238] [DEBUG] cheese - null
[2020-01-19T14:59:44.239] [DEBUG] cheese - null
[2020-01-19T15:17:42.569] [DEBUG] cheese - login => username:admin,password:123456
[2020-01-19T15:17:42.570] [DEBUG] cheese - admin
[2020-01-19T15:17:42.574] [DEBUG] cheese - null
[2020-01-19T15:17:42.574] [DEBUG] cheese - null
[2020-01-19T15:18:22.727] [DEBUG] cheese - login => username:admin,password:123456
[2020-01-19T15:18:22.727] [DEBUG] cheese - admin
[2020-01-19T15:18:22.729] [DEBUG] cheese - null
[2020-01-19T15:18:22.729] [DEBUG] cheese - null
[2020-01-19T15:18:26.210] [DEBUG] cheese - login => username:admin,password:123456
[2020-01-19T15:18:26.210] [DEBUG] cheese - admin
[2020-01-19T15:18:26.213] [DEBUG] cheese - null
[2020-01-19T15:18:26.213] [DEBUG] cheese - null
[2020-01-19T15:18:28.096] [DEBUG] cheese - login => username:admina,password:123456
[2020-01-19T15:18:28.096] [DEBUG] cheese - admina
[2020-01-19T15:18:28.098] [DEBUG] cheese - null
[2020-01-19T15:18:28.098] [DEBUG] cheese - null
[2020-01-19T15:25:07.169] [DEBUG] cheese - login => username:admin,password:123456
[2020-01-19T15:25:07.170] [DEBUG] cheese - admin
[2020-01-19T15:25:07.172] [DEBUG] cheese - null
[2020-01-19T15:25:07.173] [DEBUG] cheese - null
[2020-01-19T15:26:31.579] [DEBUG] cheese - login => username:admin,password:123456d
[2020-01-19T15:26:31.579] [DEBUG] cheese - admin
[2020-01-19T15:26:31.581] [DEBUG] cheese - null
[2020-01-19T15:26:31.581] [DEBUG] cheese - null
[2020-01-19T15:26:34.835] [DEBUG] cheese - login => username:admin,password:123456d
[2020-01-19T15:26:34.835] [DEBUG] cheese - admin
[2020-01-19T15:26:34.836] [DEBUG] cheese - null
[2020-01-19T15:26:34.837] [DEBUG] cheese - null
[2020-01-19T15:26:35.293] [DEBUG] cheese - login => username:admin,password:123456d
[2020-01-19T15:26:35.293] [DEBUG] cheese - admin
[2020-01-19T15:26:35.296] [DEBUG] cheese - null
[2020-01-19T15:26:35.296] [DEBUG] cheese - null
[2020-01-19T15:26:40.302] [DEBUG] cheese - login => username:admin,password:123456
[2020-01-19T15:26:40.302] [DEBUG] cheese - admin
[2020-01-19T15:26:40.304] [DEBUG] cheese - null
[2020-01-19T15:26:40.304] [DEBUG] cheese - null
[2020-01-19T15:28:41.289] [DEBUG] cheese - login => username:admin,password:123456
[2020-01-19T15:28:41.289] [DEBUG] cheese - admin
[2020-01-19T15:28:41.291] [DEBUG] cheese - null
[2020-01-19T15:28:41.291] [DEBUG] cheese - null
[2020-01-19T15:29:36.110] [DEBUG] cheese - login => username:admin,password:123456
[2020-01-19T15:29:36.110] [DEBUG] cheese - admin
[2020-01-19T15:29:36.113] [DEBUG] cheese - null
[2020-01-19T15:29:36.113] [DEBUG] cheese - null
[2020-01-19T15:30:03.885] [DEBUG] cheese - login => username:admin,password:123456
[2020-01-19T15:30:03.885] [DEBUG] cheese - admin
[2020-01-19T15:30:03.888] [DEBUG] cheese - null
[2020-01-19T15:30:03.888] [DEBUG] cheese - null
[2020-01-19T15:42:40.236] [DEBUG] cheese - login => username:admin,password:123456
[2020-01-19T15:42:40.236] [DEBUG] cheese - admin
[2020-01-19T15:42:40.239] [DEBUG] cheese - null
[2020-01-19T15:42:40.239] [DEBUG] cheese - null
[2020-01-19T16:03:47.994] [DEBUG] cheese - login => username:admin,password:123456
[2020-01-19T16:03:47.994] [DEBUG] cheese - admin
[2020-01-19T16:03:47.997] [DEBUG] cheese - null
[2020-01-19T16:03:47.997] [DEBUG] cheese - null
[2020-01-19T16:10:45.012] [DEBUG] cheese - login => username:admin,password:123456
[2020-01-19T16:10:45.012] [DEBUG] cheese - admin
[2020-01-19T16:10:45.016] [DEBUG] cheese - null
[2020-01-19T16:10:45.016] [DEBUG] cheese - null
[2020-01-19T16:11:53.433] [DEBUG] cheese - login => username:admin,password:123456
[2020-01-19T16:11:53.433] [DEBUG] cheese - admin
[2020-01-19T16:11:53.436] [DEBUG] cheese - null
[2020-01-19T16:11:53.436] [DEBUG] cheese - null
[2020-01-19T16:18:49.514] [DEBUG] cheese - login => username:admin,password:123456
[2020-01-19T16:18:49.514] [DEBUG] cheese - admin
[2020-01-19T16:18:49.516] [DEBUG] cheese - null
[2020-01-19T16:18:49.517] [DEBUG] cheese - null
[2020-01-19T16:28:16.679] [DEBUG] cheese - login => username:admin,password:123456
[2020-01-19T16:28:16.679] [DEBUG] cheese - admin
[2020-01-19T16:28:16.681] [DEBUG] cheese - null
[2020-01-19T16:28:16.681] [DEBUG] cheese - null
[2020-01-19T16:56:02.532] [DEBUG] cheese - login => username:admin,password:123456
[2020-01-19T16:56:02.533] [DEBUG] cheese - admin
[2020-01-19T16:56:02.536] [DEBUG] cheese - null
[2020-01-19T16:56:02.536] [DEBUG] cheese - null
[2020-01-19T17:21:38.815] [DEBUG] cheese - login => username:admin,password:123456
[2020-01-19T17:21:38.815] [DEBUG] cheese - admin
[2020-01-19T17:21:38.817] [DEBUG] cheese - null
[2020-01-19T17:21:38.817] [DEBUG] cheese - null
[2020-01-19T17:23:50.368] [DEBUG] cheese - login => username:admin,password:123456
[2020-01-19T17:23:50.369] [DEBUG] cheese - admin
[2020-01-19T17:23:50.371] [DEBUG] cheese - null
[2020-01-19T17:23:50.371] [DEBUG] cheese - null
[2020-01-19T17:24:24.053] [DEBUG] cheese - login => username:admin,password:123456
[2020-01-19T17:24:24.053] [DEBUG] cheese - admin
[2020-01-19T17:24:24.055] [DEBUG] cheese - null
[2020-01-19T17:24:24.055] [DEBUG] cheese - null
[2020-01-19T17:28:18.312] [DEBUG] cheese - login => username:admin,password:123456
[2020-01-19T17:28:18.312] [DEBUG] cheese - admin
[2020-01-19T17:28:18.315] [DEBUG] cheese - null
[2020-01-19T17:28:18.315] [DEBUG] cheese - null
[2020-01-19T17:44:37.466] [DEBUG] cheese - login => username:admin,password:123456
[2020-01-19T17:44:37.466] [DEBUG] cheese - admin
[2020-01-19T17:44:37.469] [DEBUG] cheese - null
[2020-01-19T17:44:37.469] [DEBUG] cheese - null
[2020-01-19T17:46:20.424] [DEBUG] cheese - login => username:admin,password:123456
[2020-01-19T17:46:20.424] [DEBUG] cheese - admin
[2020-01-19T17:46:20.428] [DEBUG] cheese - null
[2020-01-19T17:46:20.428] [DEBUG] cheese - null
[2020-01-19T21:53:47.644] [DEBUG] cheese - login => username:admin,password:123456
[2020-01-19T21:53:47.644] [DEBUG] cheese - admin
[2020-01-19T21:53:47.647] [DEBUG] cheese - null
[2020-01-19T21:53:47.647] [DEBUG] cheese - null
[2020-01-19T22:21:52.998] [DEBUG] cheese - login => username:admin,password:123456
[2020-01-19T22:21:52.998] [DEBUG] cheese - admin
[2020-01-19T22:21:53.001] [DEBUG] cheese - null
[2020-01-19T22:21:53.001] [DEBUG] cheese - null
[2020-01-19T23:08:34.335] [DEBUG] cheese - login => username:admin,password:123456
[2020-01-19T23:08:34.335] [DEBUG] cheese - admin
[2020-01-19T23:08:34.337] [DEBUG] cheese - null
[2020-01-19T23:08:34.337] [DEBUG] cheese - null
[2020-01-20T16:15:37.043] [DEBUG] cheese - login => username:admin,password:123456
[2020-01-20T16:15:37.045] [DEBUG] cheese - admin
[2020-01-20T16:15:37.055] [DEBUG] cheese - null
[2020-01-20T16:15:37.056] [DEBUG] cheese - null
[2020-01-20T16:40:51.810] [DEBUG] cheese - login => username:admin,password:123456
[2020-01-20T16:40:51.810] [DEBUG] cheese - admin
[2020-01-20T16:40:51.814] [DEBUG] cheese - null
[2020-01-20T16:40:51.814] [DEBUG] cheese - null
[2020-01-20T23:36:37.377] [DEBUG] cheese - login => username:admin,password:123456
[2020-01-20T23:36:37.378] [DEBUG] cheese - admin
[2020-01-20T23:36:37.380] [DEBUG] cheese - null
[2020-01-20T23:36:37.380] [DEBUG] cheese - null
[2020-01-21T15:57:20.945] [DEBUG] cheese - null
[2020-01-21T23:03:47.319] [DEBUG] cheese - login => username:admin,password:123456
[2020-01-21T23:03:47.320] [DEBUG] cheese - admin
[2020-01-21T23:03:47.323] [DEBUG] cheese - null
[2020-01-21T23:03:47.323] [DEBUG] cheese - null
[2020-01-23T20:44:20.582] [DEBUG] cheese - login => username:admin,password:123456
[2020-01-23T20:44:20.585] [DEBUG] cheese - admin
[2020-01-23T20:44:20.604] [DEBUG] cheese - null
[2020-01-23T20:44:20.605] [DEBUG] cheese - null
[2020-01-25T12:07:27.757] [DEBUG] cheese - login => username:admin,password:123456
[2020-01-25T12:07:27.758] [DEBUG] cheese - admin
[2020-01-25T12:07:27.868] [DEBUG] cheese - null
[2020-01-25T12:07:27.868] [DEBUG] cheese - null
[2020-01-25T17:55:09.328] [DEBUG] cheese - login => username:admin,password:123456
[2020-01-25T17:55:09.328] [DEBUG] cheese - admin
[2020-01-25T17:55:09.330] [DEBUG] cheese - null
[2020-01-25T17:55:09.330] [DEBUG] cheese - null
[2020-01-25T17:56:06.587] [DEBUG] cheese - login => username:admi,password:123456
[2020-01-25T17:56:06.588] [DEBUG] cheese - admi
[2020-01-25T17:56:06.589] [DEBUG] cheese - null
[2020-01-25T17:56:06.589] [DEBUG] cheese - null
[2020-01-25T17:56:10.552] [DEBUG] cheese - login => username:admin,password:123456
[2020-01-25T17:56:10.552] [DEBUG] cheese - admin
[2020-01-25T17:56:10.555] [DEBUG] cheese - null
[2020-01-25T17:56:10.555] [DEBUG] cheese - null
[2020-01-25T17:56:25.692] [DEBUG] cheese - login => username:linken,password:123456
[2020-01-25T17:56:25.692] [DEBUG] cheese - linken
[2020-01-25T17:56:25.695] [DEBUG] cheese - null
[2020-01-25T17:56:25.695] [DEBUG] cheese - null
[2020-01-25T17:56:33.086] [DEBUG] cheese - login => username:admin,password:123456
[2020-01-25T17:56:33.086] [DEBUG] cheese - admin
[2020-01-25T17:56:33.089] [DEBUG] cheese - null
[2020-01-25T17:56:33.089] [DEBUG] cheese - null
[2020-01-25T18:01:11.807] [DEBUG] cheese - login => username:auth,password:123456
[2020-01-25T18:01:11.807] [DEBUG] cheese - auth
[2020-01-25T18:01:11.809] [DEBUG] cheese - null
[2020-01-25T18:01:11.809] [DEBUG] cheese - null
[2020-01-25T18:01:21.331] [DEBUG] cheese - login => username:auth,password:123456
[2020-01-25T18:01:21.331] [DEBUG] cheese - auth
[2020-01-25T18:01:21.333] [DEBUG] cheese - null
[2020-01-25T18:01:21.333] [DEBUG] cheese - null
[2020-01-25T18:01:22.594] [DEBUG] cheese - login => username:admin,password:123456
[2020-01-25T18:01:22.594] [DEBUG] cheese - admin
[2020-01-25T18:01:22.596] [DEBUG] cheese - null
[2020-01-25T18:01:22.596] [DEBUG] cheese - null
[2020-01-25T18:01:46.719] [DEBUG] cheese - login => username:auth,password:123456
[2020-01-25T18:01:46.719] [DEBUG] cheese - auth
[2020-01-25T18:01:46.720] [DEBUG] cheese - null
[2020-01-25T18:01:46.720] [DEBUG] cheese - null
[2020-01-25T18:01:49.042] [DEBUG] cheese - null
[2020-01-25T18:01:49.045] [DEBUG] cheese - null
[2020-01-25T18:01:52.237] [DEBUG] cheese - null
[2020-01-25T18:01:52.238] [DEBUG] cheese - null
[2020-01-25T18:01:53.421] [DEBUG] cheese - null
[2020-01-25T18:01:53.424] [DEBUG] cheese - null
[2020-01-25T18:01:59.201] [DEBUG] cheese - login => username:admin,password:123456
[2020-01-25T18:01:59.201] [DEBUG] cheese - admin
[2020-01-25T18:01:59.202] [DEBUG] cheese - null
[2020-01-25T18:01:59.202] [DEBUG] cheese - null
[2020-01-26T13:07:24.764] [DEBUG] cheese - login => username:admin,password:123456
[2020-01-26T13:07:24.764] [DEBUG] cheese - admin
[2020-01-26T13:07:24.767] [DEBUG] cheese - null
[2020-01-26T13:07:24.767] [DEBUG] cheese - null
[2020-01-26T16:04:29.486] [DEBUG] cheese - login => username:admin,password:123456
[2020-01-26T16:04:29.486] [DEBUG] cheese - admin
[2020-01-26T16:04:29.592] [DEBUG] cheese - null
[2020-01-26T16:04:29.592] [DEBUG] cheese - null
[2020-01-26T17:42:27.771] [DEBUG] cheese - login => username:orders,password:123456
[2020-01-26T17:42:27.772] [DEBUG] cheese - orders
[2020-01-26T17:42:27.776] [DEBUG] cheese - null
[2020-01-26T17:42:27.776] [DEBUG] cheese - null
[2020-01-26T17:42:37.026] [DEBUG] cheese - login => username:admin,password:123456
[2020-01-26T17:42:37.026] [DEBUG] cheese - admin
[2020-01-26T17:42:37.031] [DEBUG] cheese - null
[2020-01-26T17:42:37.031] [DEBUG] cheese - null
[2020-01-26T17:42:51.967] [DEBUG] cheese - login => username:good,password:123456
[2020-01-26T17:42:51.967] [DEBUG] cheese - good
[2020-01-26T17:42:51.968] [DEBUG] cheese - null
[2020-01-26T17:42:51.969] [DEBUG] cheese - null
[2020-01-26T17:42:57.198] [DEBUG] cheese - login => username:good,password:123456
[2020-01-26T17:42:57.198] [DEBUG] cheese - good
[2020-01-26T17:42:57.202] [DEBUG] cheese - null
[2020-01-26T17:42:57.202] [DEBUG] cheese - null
[2020-01-26T17:43:03.117] [DEBUG] cheese - login => username:admin,password:123456
[2020-01-26T17:43:03.117] [DEBUG] cheese - admin
[2020-01-26T17:43:03.121] [DEBUG] cheese - null
[2020-01-26T17:43:03.121] [DEBUG] cheese - null
[2020-01-26T17:59:57.263] [DEBUG] cheese - login => username:linken,password:123456
[2020-01-26T17:59:57.263] [DEBUG] cheese - linken
[2020-01-26T17:59:57.266] [DEBUG] cheese - null
[2020-01-26T17:59:57.266] [DEBUG] cheese - null
[2020-01-26T17:59:59.567] [DEBUG] cheese - null
[2020-01-26T17:59:59.571] [DEBUG] cheese - null
[2020-01-26T18:00:00.669] [DEBUG] cheese - null
[2020-01-26T18:00:00.673] [DEBUG] cheese - null
[2020-01-26T18:00:01.722] [DEBUG] cheese - null
[2020-01-26T18:00:01.725] [DEBUG] cheese - null
[2020-01-26T18:00:12.566] [DEBUG] cheese - null
[2020-01-26T18:00:12.571] [DEBUG] cheese - null
[2020-01-26T18:00:13.701] [DEBUG] cheese - null
[2020-01-26T18:00:13.705] [DEBUG] cheese - null
[2020-01-26T18:00:20.653] [DEBUG] cheese - login => username:admin,password:123456
[2020-01-26T18:00:20.653] [DEBUG] cheese - admin
[2020-01-26T18:00:20.657] [DEBUG] cheese - null
[2020-01-26T18:00:20.657] [DEBUG] cheese - null
[2020-01-26T18:01:02.169] [DEBUG] cheese - login => username:admin,password:123456
[2020-01-26T18:01:02.169] [DEBUG] cheese - admin
[2020-01-26T18:01:02.174] [DEBUG] cheese - null
[2020-01-26T18:01:02.174] [DEBUG] cheese - null
[2020-01-26T18:01:11.646] [DEBUG] cheese - login => username:orders,password:123456
[2020-01-26T18:01:11.646] [DEBUG] cheese - orders
[2020-01-26T18:01:11.650] [DEBUG] cheese - null
[2020-01-26T18:01:11.650] [DEBUG] cheese - null
[2020-01-26T18:01:12.416] [DEBUG] cheese - login => username:orders,password:123456
[2020-01-26T18:01:12.416] [DEBUG] cheese - orders
[2020-01-26T18:01:12.421] [DEBUG] cheese - null
[2020-01-26T18:01:12.421] [DEBUG] cheese - null
[2020-01-26T18:01:12.616] [DEBUG] cheese - login => username:orders,password:123456
[2020-01-26T18:01:12.617] [DEBUG] cheese - orders
[2020-01-26T18:01:12.620] [DEBUG] cheese - null
[2020-01-26T18:01:12.621] [DEBUG] cheese - null
[2020-01-26T18:01:15.327] [DEBUG] cheese - login => username:admin,password:123456
[2020-01-26T18:01:15.327] [DEBUG] cheese - admin
[2020-01-26T18:01:15.331] [DEBUG] cheese - null
[2020-01-26T18:01:15.331] [DEBUG] cheese - null
[2020-01-26T22:01:29.107] [DEBUG] cheese - login => username:admin,password:123456
[2020-01-26T22:01:29.107] [DEBUG] cheese - admin
[2020-01-26T22:01:29.113] [DEBUG] cheese - null
[2020-01-26T22:01:29.113] [DEBUG] cheese - null
[2020-01-28T09:54:49.669] [DEBUG] cheese - login => username:admin,password:123456
[2020-01-28T09:54:49.671] [DEBUG] cheese - admin
[2020-01-28T09:54:49.689] [DEBUG] cheese - null
[2020-01-28T09:54:49.690] [DEBUG] cheese - null
[2020-01-28T09:59:40.428] [DEBUG] cheese - login => username:admin,password:123456
[2020-01-28T09:59:40.428] [DEBUG] cheese - admin
[2020-01-28T09:59:40.431] [DEBUG] cheese - null
[2020-01-28T09:59:40.431] [DEBUG] cheese - null
[2020-01-28T12:56:54.555] [DEBUG] cheese - login => username:admin,password:123456
[2020-01-28T12:56:54.555] [DEBUG] cheese - admin
[2020-01-28T12:56:54.558] [DEBUG] cheese - null
[2020-01-28T12:56:54.558] [DEBUG] cheese - null
[2020-01-29T14:09:05.931] [DEBUG] cheese - login => username:admin,password:123456
[2020-01-29T14:09:05.931] [DEBUG] cheese - admin
[2020-01-29T14:09:05.987] [DEBUG] cheese - null
[2020-01-29T14:09:05.987] [DEBUG] cheese - null
[2020-01-30T13:06:03.979] [DEBUG] cheese - login => username:admin,password:123456
[2020-01-30T13:06:03.981] [DEBUG] cheese - admin
[2020-01-30T13:06:03.998] [DEBUG] cheese - null
[2020-01-30T13:06:03.999] [DEBUG] cheese - null
[2020-01-31T15:04:41.057] [DEBUG] cheese - login => username:admin,password:123456
[2020-01-31T15:04:41.059] [DEBUG] cheese - admin
[2020-01-31T15:04:41.091] [DEBUG] cheese - null
[2020-01-31T15:04:41.091] [DEBUG] cheese - null
[2020-01-31T15:16:39.226] [DEBUG] cheese - login => username:admin,password:123456
[2020-01-31T15:16:39.226] [DEBUG] cheese - admin
[2020-01-31T15:16:39.230] [DEBUG] cheese - null
[2020-01-31T15:16:39.230] [DEBUG] cheese - null
[2020-01-31T15:16:57.411] [DEBUG] cheese - login => username:admin,password:123456
[2020-01-31T15:16:57.412] [DEBUG] cheese - admin
[2020-01-31T15:16:57.416] [DEBUG] cheese - null
[2020-01-31T15:16:57.416] [DEBUG] cheese - null
[2020-01-31T16:45:49.514] [DEBUG] cheese - null
[2020-02-01T15:19:52.934] [DEBUG] cheese - login => username:admin,password:123456
[2020-02-01T15:19:52.934] [DEBUG] cheese - admin
[2020-02-01T15:19:52.943] [DEBUG] cheese - null
[2020-02-01T15:19:52.943] [DEBUG] cheese - null
[2020-02-02T10:55:43.884] [DEBUG] cheese - login => username:admin,password:123456
[2020-02-02T10:55:43.884] [DEBUG] cheese - admin
[2020-02-02T10:55:43.887] [DEBUG] cheese - null
[2020-02-02T10:55:43.887] [DEBUG] cheese - null
[2020-02-02T12:23:43.455] [DEBUG] cheese - login => username:admin,password:123456
[2020-02-02T12:23:43.458] [DEBUG] cheese - admin
[2020-02-02T12:23:43.478] [DEBUG] cheese - null
[2020-02-02T12:23:43.478] [DEBUG] cheese - null
[2020-02-02T12:25:57.106] [DEBUG] cheese - login => username:admin,password:123456
[2020-02-02T12:25:57.106] [DEBUG] cheese - admin
[2020-02-02T12:25:57.112] [DEBUG] cheese - null
[2020-02-02T12:25:57.112] [DEBUG] cheese - null
[2020-02-02T12:27:41.624] [DEBUG] cheese - login => username:admin,password:123456
[2020-02-02T12:27:41.624] [DEBUG] cheese - admin
[2020-02-02T12:27:41.630] [DEBUG] cheese - null
[2020-02-02T12:27:41.630] [DEBUG] cheese - null
[2020-02-02T12:28:10.566] [DEBUG] cheese - login => username:admin5,password:123456
[2020-02-02T12:28:10.566] [DEBUG] cheese - admin5
[2020-02-02T12:28:10.570] [DEBUG] cheese - null
[2020-02-02T12:28:10.571] [DEBUG] cheese - null
[2020-02-02T12:28:31.941] [DEBUG] cheese - login => username:admin,password:123456
[2020-02-02T12:28:31.941] [DEBUG] cheese - admin
[2020-02-02T12:28:31.946] [DEBUG] cheese - null
[2020-02-02T12:28:31.946] [DEBUG] cheese - null
[2020-02-02T12:40:46.618] [DEBUG] cheese - login => username:admin,password:123456
[2020-02-02T12:40:46.619] [DEBUG] cheese - admin
[2020-02-02T12:40:46.622] [DEBUG] cheese - null
[2020-02-02T12:40:46.622] [DEBUG] cheese - null
[2020-02-02T12:47:25.040] [DEBUG] cheese - login => username:admin,password:123456
[2020-02-02T12:47:25.040] [DEBUG] cheese - admin
[2020-02-02T12:47:25.043] [DEBUG] cheese - null
[2020-02-02T12:47:25.043] [DEBUG] cheese - null
[2020-02-02T12:59:06.747] [DEBUG] cheese - login => username:admin,password:123456
[2020-02-02T12:59:06.750] [DEBUG] cheese - admin
[2020-02-02T12:59:06.762] [DEBUG] cheese - null
[2020-02-02T12:59:06.762] [DEBUG] cheese - null
[2020-02-02T13:42:31.266] [DEBUG] cheese - login => username:admin,password:123456
[2020-02-02T13:42:31.266] [DEBUG] cheese - admin
[2020-02-02T13:42:31.272] [DEBUG] cheese - null
[2020-02-02T13:42:31.273] [DEBUG] cheese - null
[2020-02-02T13:42:52.236] [DEBUG] cheese - login => username:admin,password:123456
[2020-02-02T13:42:52.237] [DEBUG] cheese - admin
[2020-02-02T13:42:52.241] [DEBUG] cheese - null
[2020-02-02T13:42:52.241] [DEBUG] cheese - null
[2020-02-02T13:43:22.373] [DEBUG] cheese - login => username:admin,password:123456
[2020-02-02T13:43:22.373] [DEBUG] cheese - admin
[2020-02-02T13:43:22.381] [DEBUG] cheese - null
[2020-02-02T13:43:22.382] [DEBUG] cheese - null
[2020-02-02T13:57:57.669] [DEBUG] cheese - login => username:admin,password:123456
[2020-02-02T13:57:57.669] [DEBUG] cheese - admin
[2020-02-02T13:57:57.675] [DEBUG] cheese - null
[2020-02-02T13:57:57.675] [DEBUG] cheese - null
[2020-02-02T14:01:00.834] [DEBUG] cheese - login => username:admin,password:123456
[2020-02-02T14:01:00.836] [DEBUG] cheese - admin
[2020-02-02T14:01:00.875] [DEBUG] cheese - null
[2020-02-02T14:01:00.876] [DEBUG] cheese - null
[2020-02-02T14:28:33.260] [DEBUG] cheese - login => username:admin,password:123456
[2020-02-02T14:28:33.260] [DEBUG] cheese - admin
[2020-02-02T14:28:33.263] [DEBUG] cheese - null
[2020-02-02T14:28:33.263] [DEBUG] cheese - null
[2020-02-02T14:35:49.467] [DEBUG] cheese - login => username:admin,password:123456
[2020-02-02T14:35:49.467] [DEBUG] cheese - admin
[2020-02-02T14:35:49.470] [DEBUG] cheese - null
[2020-02-02T14:35:49.470] [DEBUG] cheese - null
[2020-02-02T15:29:21.354] [DEBUG] cheese - login => username:admin,password:123456
[2020-02-02T15:29:21.354] [DEBUG] cheese - admin
[2020-02-02T15:29:21.363] [DEBUG] cheese - null
[2020-02-02T15:29:21.363] [DEBUG] cheese - null
[2020-02-02T15:34:42.350] [DEBUG] cheese - login => username:admin,password:123456
[2020-02-02T15:34:42.350] [DEBUG] cheese - admin
[2020-02-02T15:34:42.352] [DEBUG] cheese - null
[2020-02-02T15:34:42.353] [DEBUG] cheese - null
[2020-02-02T16:01:32.433] [DEBUG] cheese - login => username:admin,password:123456
[2020-02-02T16:01:32.433] [DEBUG] cheese - admin
[2020-02-02T16:01:32.435] [DEBUG] cheese - null
[2020-02-02T16:01:32.435] [DEBUG] cheese - null
[2020-02-02T16:11:20.413] [DEBUG] cheese - login => username:admin,password:123456
[2020-02-02T16:11:20.413] [DEBUG] cheese - admin
[2020-02-02T16:11:20.414] [DEBUG] cheese - null
[2020-02-02T16:11:20.414] [DEBUG] cheese - null
[2020-02-05T13:54:07.684] [DEBUG] cheese - login => username:admin,password:123456
[2020-02-05T13:54:07.685] [DEBUG] cheese - admin
[2020-02-05T13:54:07.719] [DEBUG] cheese - null
[2020-02-05T13:54:07.719] [DEBUG] cheese - null
[2020-02-14T17:01:46.873] [DEBUG] cheese - login => username:admin,password:123456
[2020-02-14T17:01:46.876] [DEBUG] cheese - admin
[2020-02-14T17:01:46.900] [DEBUG] cheese - null
[2020-02-14T17:01:46.901] [DEBUG] cheese - null
[2020-02-14T17:50:21.591] [DEBUG] cheese - login => username:admin,password:123456
[2020-02-14T17:50:21.594] [DEBUG] cheese - admin
[2020-02-14T17:50:21.604] [DEBUG] cheese - null
[2020-02-14T17:50:21.604] [DEBUG] cheese - null
[2020-02-14T17:51:46.243] [DEBUG] cheese - login => username:report,password:123456
[2020-02-14T17:51:46.244] [DEBUG] cheese - report
[2020-02-14T17:51:46.247] [DEBUG] cheese - null
[2020-02-14T17:51:46.247] [DEBUG] cheese - null
[2020-02-14T17:51:51.927] [DEBUG] cheese - login => username:admin,password:123456
[2020-02-14T17:51:51.928] [DEBUG] cheese - admin
[2020-02-14T17:51:51.930] [DEBUG] cheese - null
[2020-02-14T17:51:51.930] [DEBUG] cheese - null
[2020-02-14T17:53:05.427] [DEBUG] cheese - login => username:author,password:123456
[2020-02-14T17:53:05.427] [DEBUG] cheese - author
[2020-02-14T17:53:05.429] [DEBUG] cheese - null
[2020-02-14T17:53:05.429] [DEBUG] cheese - null
[2020-02-14T17:53:07.947] [DEBUG] cheese - null
[2020-02-14T17:53:07.949] [DEBUG] cheese - null
[2020-02-14T17:53:13.294] [DEBUG] cheese - null
[2020-02-14T17:53:13.296] [DEBUG] cheese - null
[2020-02-14T17:53:14.599] [DEBUG] cheese - null
[2020-02-14T17:53:14.601] [DEBUG] cheese - null
[2020-02-14T17:53:23.043] [DEBUG] cheese - login => username:admin,password:123456
[2020-02-14T17:53:23.043] [DEBUG] cheese - admin
[2020-02-14T17:53:23.045] [DEBUG] cheese - null
[2020-02-14T17:53:23.045] [DEBUG] cheese - null
[2020-02-15T13:35:26.258] [DEBUG] cheese - login => username:admin,password:123456
[2020-02-15T13:35:26.259] [DEBUG] cheese - admin
[2020-02-15T13:35:26.261] [DEBUG] cheese - null
[2020-02-15T13:35:26.261] [DEBUG] cheese - null
[2020-02-16T12:38:14.875] [DEBUG] cheese - login => username:admin,password:123456
[2020-02-16T12:38:14.875] [DEBUG] cheese - admin
[2020-02-16T12:38:14.885] [DEBUG] cheese - null
[2020-02-16T12:38:14.885] [DEBUG] cheese - null
[2020-02-19T12:23:52.880] [DEBUG] cheese - login => username:admin,password:123456
[2020-02-19T12:23:52.880] [DEBUG] cheese - admin
[2020-02-19T12:23:52.886] [DEBUG] cheese - null
[2020-02-19T12:23:52.887] [DEBUG] cheese - null
[2020-02-19T12:26:17.173] [DEBUG] cheese - login => username:admin,password:123456
[2020-02-19T12:26:17.173] [DEBUG] cheese - admin
[2020-02-19T12:26:17.176] [DEBUG] cheese - null
[2020-02-19T12:26:17.176] [DEBUG] cheese - null
[2020-02-19T12:27:14.420] [DEBUG] cheese - login => username:admin,password:123456
[2020-02-19T12:27:14.420] [DEBUG] cheese - admin
[2020-02-19T12:27:14.422] [DEBUG] cheese - null
[2020-02-19T12:27:14.423] [DEBUG] cheese - null
[2020-03-09T20:39:39.640] [DEBUG] cheese - login => username:admin,password:123456
[2020-03-09T20:39:39.643] [DEBUG] cheese - admin
[2020-03-09T20:39:39.712] [DEBUG] cheese - null
[2020-03-09T20:39:39.713] [DEBUG] cheese - null
[2020-03-09T20:39:54.904] [DEBUG] cheese - login => username:admin,password:1234
[2020-03-09T20:39:54.904] [DEBUG] cheese - admin
[2020-03-09T20:39:54.919] [DEBUG] cheese - null
[2020-03-09T20:39:54.920] [DEBUG] cheese - null
[2020-03-09T22:45:11.885] [DEBUG] cheese - login => username:张三dsf,password:1111ffff
[2020-03-09T22:45:11.888] [DEBUG] cheese - 张三dsf
[2020-03-09T22:45:11.926] [DEBUG] cheese - null
[2020-03-09T22:45:11.928] [DEBUG] cheese - null
[2020-03-09T22:45:44.090] [DEBUG] cheese - login => username:张三f,password:1111222
[2020-03-09T22:45:44.090] [DEBUG] cheese - 张三f
[2020-03-09T22:45:44.093] [DEBUG] cheese - null
[2020-03-09T22:45:44.093] [DEBUG] cheese - null
[2020-03-09T22:46:48.911] [DEBUG] cheese - login => username:张三d,password:1111ddd
[2020-03-09T22:46:48.911] [DEBUG] cheese - 张三d
[2020-03-09T22:46:48.915] [DEBUG] cheese - null
[2020-03-09T22:46:48.915] [DEBUG] cheese - null
[2020-03-09T22:48:10.669] [DEBUG] cheese - login => username:张三1,password:1111sad
[2020-03-09T22:48:10.669] [DEBUG] cheese - 张三1
[2020-03-09T22:48:10.672] [DEBUG] cheese - null
[2020-03-09T22:48:10.672] [DEBUG] cheese - null
[2020-03-09T22:48:18.434] [DEBUG] cheese - login => username:admin,password:123456
[2020-03-09T22:48:18.434] [DEBUG] cheese - admin
[2020-03-09T22:48:18.443] [DEBUG] cheese - null
[2020-03-09T22:48:18.444] [DEBUG] cheese - null
[2020-03-09T22:53:00.765] [DEBUG] cheese - login => username:张三d,password:1111ddd
[2020-03-09T22:53:00.765] [DEBUG] cheese - 张三d
[2020-03-09T22:53:00.774] [DEBUG] cheese - null
[2020-03-09T22:53:00.774] [DEBUG] cheese - null
[2020-03-09T22:53:06.733] [DEBUG] cheese - login => username:admin,password:123456
[2020-03-09T22:53:06.733] [DEBUG] cheese - admin
[2020-03-09T22:53:06.740] [DEBUG] cheese - null
[2020-03-09T22:53:06.740] [DEBUG] cheese - null
[2020-03-09T22:53:25.797] [DEBUG] cheese - login => username:admin,password:123456
[2020-03-09T22:53:25.798] [DEBUG] cheese - admin
[2020-03-09T22:53:25.802] [DEBUG] cheese - null
[2020-03-09T22:53:25.802] [DEBUG] cheese - null
[2020-03-09T22:53:52.334] [DEBUG] cheese - login => username:admin,password:12345611
[2020-03-09T22:53:52.334] [DEBUG] cheese - admin
[2020-03-09T22:53:52.339] [DEBUG] cheese - null
[2020-03-09T22:53:52.339] [DEBUG] cheese - null
[2020-03-09T22:54:31.338] [DEBUG] cheese - login => username:admin,password:12345611
[2020-03-09T22:54:31.339] [DEBUG] cheese - admin
[2020-03-09T22:54:31.343] [DEBUG] cheese - null
[2020-03-09T22:54:31.343] [DEBUG] cheese - null
[2020-03-09T22:54:36.309] [DEBUG] cheese - login => username:admin,password:123456
[2020-03-09T22:54:36.311] [DEBUG] cheese - admin
[2020-03-09T22:54:36.315] [DEBUG] cheese - null
[2020-03-09T22:54:36.316] [DEBUG] cheese - null
[2020-03-09T22:56:03.624] [DEBUG] cheese - login => username:admin,password:123456
[2020-03-09T22:56:03.624] [DEBUG] cheese - admin
[2020-03-09T22:56:03.632] [DEBUG] cheese - null
[2020-03-09T22:56:03.632] [DEBUG] cheese - null
[2020-03-09T22:56:27.099] [DEBUG] cheese - login => username:admin,password:123456
[2020-03-09T22:56:27.099] [DEBUG] cheese - admin
[2020-03-09T22:56:27.104] [DEBUG] cheese - null
[2020-03-09T22:56:27.104] [DEBUG] cheese - null
[2020-03-09T22:57:41.225] [DEBUG] cheese - login => username:admin,password:123456
[2020-03-09T22:57:41.225] [DEBUG] cheese - admin
[2020-03-09T22:57:41.231] [DEBUG] cheese - null
[2020-03-09T22:57:41.232] [DEBUG] cheese - null
[2020-03-09T22:59:16.610] [DEBUG] cheese - login => username:admin,password:123456
[2020-03-09T22:59:16.611] [DEBUG] cheese - admin
[2020-03-09T22:59:16.616] [DEBUG] cheese - null
[2020-03-09T22:59:16.616] [DEBUG] cheese - null
[2020-03-09T23:01:03.324] [DEBUG] cheese - login => username:admin,password:123456
[2020-03-09T23:01:03.324] [DEBUG] cheese - admin
[2020-03-09T23:01:03.329] [DEBUG] cheese - null
[2020-03-09T23:01:03.329] [DEBUG] cheese - null
[2020-03-09T23:09:19.801] [DEBUG] cheese - login => username:admin,password:123456
[2020-03-09T23:09:19.802] [DEBUG] cheese - admin
[2020-03-09T23:09:19.816] [DEBUG] cheese - null
[2020-03-09T23:09:19.817] [DEBUG] cheese - null
[2020-03-09T23:09:54.912] [DEBUG] cheese - login => username:admin,password:123456
[2020-03-09T23:09:54.912] [DEBUG] cheese - admin
[2020-03-09T23:09:54.918] [DEBUG] cheese - null
[2020-03-09T23:09:54.918] [DEBUG] cheese - null
[2020-03-09T23:10:08.570] [DEBUG] cheese - login => username:admin,password:123456
[2020-03-09T23:10:08.571] [DEBUG] cheese - admin
[2020-03-09T23:10:08.577] [DEBUG] cheese - null
[2020-03-09T23:10:08.577] [DEBUG] cheese - null
[2020-03-09T23:22:38.806] [DEBUG] cheese - login => username:admin,password:123456
[2020-03-09T23:22:38.809] [DEBUG] cheese - admin
[2020-03-09T23:22:38.826] [DEBUG] cheese - null
[2020-03-09T23:22:38.827] [DEBUG] cheese - null
[2020-03-10T17:29:50.155] [DEBUG] cheese - login => username:admin,password:123456
[2020-03-10T17:29:50.158] [DEBUG] cheese - admin
[2020-03-10T17:29:50.203] [DEBUG] cheese - null
[2020-03-10T17:29:50.204] [DEBUG] cheese - null
[2020-03-10T17:29:53.059] [DEBUG] cheese - login => username:admin,password:123456
[2020-03-10T17:29:53.059] [DEBUG] cheese - admin
[2020-03-10T17:29:53.064] [DEBUG] cheese - null
[2020-03-10T17:29:53.065] [DEBUG] cheese - null
[2020-03-10T17:31:00.187] [DEBUG] cheese - login => username:admin,password:123456
[2020-03-10T17:31:00.187] [DEBUG] cheese - admin
[2020-03-10T17:31:00.194] [DEBUG] cheese - null
[2020-03-10T17:31:00.194] [DEBUG] cheese - null
[2020-03-10T17:57:59.133] [DEBUG] cheese - login => username:admin,password:123456
[2020-03-10T17:57:59.135] [DEBUG] cheese - admin
[2020-03-10T17:57:59.165] [DEBUG] cheese - null
[2020-03-10T17:57:59.165] [DEBUG] cheese - null
[2020-03-10T17:58:02.243] [DEBUG] cheese - login => username:admin,password:123456
[2020-03-10T17:58:02.243] [DEBUG] cheese - admin
[2020-03-10T17:58:02.249] [DEBUG] cheese - null
[2020-03-10T17:58:02.249] [DEBUG] cheese - null
[2020-03-10T17:59:54.635] [DEBUG] cheese - login => username:admin,password:123456
[2020-03-10T17:59:54.636] [DEBUG] cheese - admin
[2020-03-10T17:59:54.641] [DEBUG] cheese - null
[2020-03-10T17:59:54.641] [DEBUG] cheese - null
[2020-03-10T18:18:42.154] [DEBUG] cheese - login => username:admin,password:123456
[2020-03-10T18:18:42.154] [DEBUG] cheese - admin
[2020-03-10T18:18:42.174] [DEBUG] cheese - null
[2020-03-10T18:18:42.174] [DEBUG] cheese - null
[2020-03-10T18:33:34.875] [DEBUG] cheese - login => username:admin,password:123456
[2020-03-10T18:33:34.878] [DEBUG] cheese - admin
[2020-03-10T18:33:34.948] [DEBUG] cheese - null
[2020-03-10T18:33:34.948] [DEBUG] cheese - null
[2020-03-10T20:10:02.442] [DEBUG] cheese - login => username:admin,password:123456
[2020-03-10T20:10:02.448] [DEBUG] cheese - admin
[2020-03-10T20:10:02.562] [DEBUG] cheese - null
[2020-03-10T20:10:02.562] [DEBUG] cheese - null
[2020-03-10T20:10:06.776] [DEBUG] cheese - login => username:admin,password:123456
[2020-03-10T20:10:06.777] [DEBUG] cheese - admin
[2020-03-10T20:10:06.783] [DEBUG] cheese - null
[2020-03-10T20:10:06.783] [DEBUG] cheese - null
[2020-03-10T20:11:02.038] [DEBUG] cheese - login => username:admin,password:123456
[2020-03-10T20:11:02.040] [DEBUG] cheese - admin
[2020-03-10T20:11:02.046] [DEBUG] cheese - null
[2020-03-10T20:11:02.046] [DEBUG] cheese - null
[2020-03-10T20:11:32.226] [DEBUG] cheese - login => username:admin,password:123456
[2020-03-10T20:11:32.226] [DEBUG] cheese - admin
[2020-03-10T20:11:32.231] [DEBUG] cheese - null
[2020-03-10T20:11:32.232] [DEBUG] cheese - null
[2020-03-10T20:17:23.302] [DEBUG] cheese - login => username:admin,password:123456
[2020-03-10T20:17:23.302] [DEBUG] cheese - admin
[2020-03-10T20:17:23.308] [DEBUG] cheese - null
[2020-03-10T20:17:23.308] [DEBUG] cheese - null
[2020-03-10T20:34:44.914] [DEBUG] cheese - login => username:admin,password:123456
[2020-03-10T20:34:44.915] [DEBUG] cheese - admin
[2020-03-10T20:34:44.921] [DEBUG] cheese - null
[2020-03-10T20:34:44.921] [DEBUG] cheese - null
[2020-03-10T20:52:14.346] [DEBUG] cheese - login => username:admin,password:123456
[2020-03-10T20:52:14.346] [DEBUG] cheese - admin
[2020-03-10T20:52:14.355] [DEBUG] cheese - null
[2020-03-10T20:52:14.355] [DEBUG] cheese - null
[2020-03-10T20:55:20.188] [DEBUG] cheese - login => username:admin,password:123456
[2020-03-10T20:55:20.188] [DEBUG] cheese - admin
[2020-03-10T20:55:20.193] [DEBUG] cheese - null
[2020-03-10T20:55:20.193] [DEBUG] cheese - null
[2020-03-10T21:03:29.953] [DEBUG] cheese - login => username:admin,password:123456
[2020-03-10T21:03:29.953] [DEBUG] cheese - admin
[2020-03-10T21:03:29.958] [DEBUG] cheese - null
[2020-03-10T21:03:29.958] [DEBUG] cheese - null
[2020-03-10T21:08:27.274] [DEBUG] cheese - login => username:admin,password:123456
[2020-03-10T21:08:27.274] [DEBUG] cheese - admin
[2020-03-10T21:08:27.280] [DEBUG] cheese - null
[2020-03-10T21:08:27.280] [DEBUG] cheese - null
[2020-03-10T21:18:01.430] [DEBUG] cheese - login => username:admin,password:123456
[2020-03-10T21:18:01.430] [DEBUG] cheese - admin
[2020-03-10T21:18:01.436] [DEBUG] cheese - null
[2020-03-10T21:18:01.436] [DEBUG] cheese - null
[2020-03-10T21:18:05.649] [DEBUG] cheese - login => username:admin,password:123456
[2020-03-10T21:18:05.649] [DEBUG] cheese - admin
[2020-03-10T21:18:05.656] [DEBUG] cheese - null
[2020-03-10T21:18:05.656] [DEBUG] cheese - null
[2020-03-10T21:18:11.633] [DEBUG] cheese - login => username:admin,password:123456
[2020-03-10T21:18:11.633] [DEBUG] cheese - admin
[2020-03-10T21:18:11.637] [DEBUG] cheese - null
[2020-03-10T21:18:11.638] [DEBUG] cheese - null
[2020-03-10T21:18:14.938] [DEBUG] cheese - login => username:admin,password:123456
[2020-03-10T21:18:14.939] [DEBUG] cheese - admin
[2020-03-10T21:18:14.943] [DEBUG] cheese - null
[2020-03-10T21:18:14.943] [DEBUG] cheese - null
[2020-03-11T15:22:42.148] [DEBUG] cheese - login => username:admin,password:123456
[2020-03-11T15:22:42.151] [DEBUG] cheese - admin
[2020-03-11T15:22:42.218] [DEBUG] cheese - null
[2020-03-11T15:22:42.220] [DEBUG] cheese - null
[2020-03-11T16:51:13.794] [DEBUG] cheese - login => username:admin,password:123456
[2020-03-11T16:51:13.804] [DEBUG] cheese - admin
[2020-03-11T16:51:13.823] [DEBUG] cheese - null
[2020-03-11T16:51:13.825] [DEBUG] cheese - null
[2020-03-11T16:53:47.658] [DEBUG] cheese - login => username:admin,password:123456
[2020-03-11T16:53:47.660] [DEBUG] cheese - admin
[2020-03-11T16:53:47.666] [DEBUG] cheese - null
[2020-03-11T16:53:47.666] [DEBUG] cheese - null
[2020-03-11T21:03:24.616] [DEBUG] cheese - null
[2020-03-11T21:03:43.135] [DEBUG] cheese - null
[2020-03-11T21:05:57.006] [DEBUG] cheese - null
[2020-03-11T21:07:30.147] [DEBUG] cheese - null
[2020-03-11T21:07:33.050] [DEBUG] cheese - null
[2020-03-12T11:34:34.151] [DEBUG] cheese - login => username:admin,password:123456
[2020-03-12T11:34:34.154] [DEBUG] cheese - admin
[2020-03-12T11:34:34.206] [DEBUG] cheese - null
[2020-03-12T11:34:34.207] [DEBUG] cheese - null
[2020-03-12T14:46:48.894] [DEBUG] cheese - login => username:admin,password:123456
[2020-03-12T14:46:48.897] [DEBUG] cheese - admin
[2020-03-12T14:46:48.983] [DEBUG] cheese - null
[2020-03-12T14:46:48.987] [DEBUG] cheese - null
[2020-03-12T14:55:00.343] [DEBUG] cheese - login => username:admin,password:123456
[2020-03-12T14:55:00.344] [DEBUG] cheese - admin
[2020-03-12T14:55:00.351] [DEBUG] cheese - null
[2020-03-12T14:55:00.351] [DEBUG] cheese - null
[2020-03-12T15:17:57.557] [DEBUG] cheese - login => username:admin,password:123456
[2020-03-12T15:17:57.565] [DEBUG] cheese - admin
[2020-03-12T15:17:57.579] [DEBUG] cheese - null
[2020-03-12T15:17:57.585] [DEBUG] cheese - null
[2020-03-13T00:40:47.019] [DEBUG] cheese - login => username:hoon,password:123456
[2020-03-13T00:40:47.030] [DEBUG] cheese - hoon
[2020-03-13T00:40:47.037] [DEBUG] cheese - null
[2020-03-13T00:40:47.040] [DEBUG] cheese - null
[2020-03-13T00:41:38.464] [DEBUG] cheese - login => username:hoongs,password:123456
[2020-03-13T00:41:38.464] [DEBUG] cheese - hoongs
[2020-03-13T00:41:38.471] [DEBUG] cheese - null
[2020-03-13T00:41:38.471] [DEBUG] cheese - null
[2020-03-13T00:41:42.149] [DEBUG] cheese - login => username:hoongs,password:123456
[2020-03-13T00:41:42.149] [DEBUG] cheese - hoongs
[2020-03-13T00:41:42.155] [DEBUG] cheese - null
[2020-03-13T00:41:42.155] [DEBUG] cheese - null
[2020-03-13T00:41:45.368] [DEBUG] cheese - login => username:hoongs,password:123456
[2020-03-13T00:41:45.369] [DEBUG] cheese - hoongs
[2020-03-13T00:41:45.373] [DEBUG] cheese - null
[2020-03-13T00:41:45.373] [DEBUG] cheese - null
[2020-03-13T00:41:48.949] [DEBUG] cheese - login => username:admin,password:123456
[2020-03-13T00:41:48.950] [DEBUG] cheese - admin
[2020-03-13T00:41:48.955] [DEBUG] cheese - null
[2020-03-13T00:41:48.956] [DEBUG] cheese - null
[2020-03-13T16:03:09.256] [DEBUG] cheese - login => username:admin,password:123456
[2020-03-13T16:03:09.258] [DEBUG] cheese - admin
[2020-03-13T16:03:09.296] [DEBUG] cheese - null
[2020-03-13T16:03:09.297] [DEBUG] cheese - null
[2020-03-15T22:28:47.723] [DEBUG] cheese - login => username:admin,password:123456
[2020-03-15T22:28:47.726] [DEBUG] cheese - admin
[2020-03-15T22:28:47.791] [DEBUG] cheese - null
[2020-03-15T22:28:47.792] [DEBUG] cheese - null
[2020-03-15T22:59:47.455] [DEBUG] cheese - login => username:admin,password:123456
[2020-03-15T22:59:47.457] [DEBUG] cheese - admin
[2020-03-15T22:59:47.465] [DEBUG] cheese - null
[2020-03-15T22:59:47.466] [DEBUG] cheese - null
[2020-03-15T23:45:47.231] [DEBUG] cheese - null
[2020-03-15T23:47:32.122] [DEBUG] cheese - null
[2020-03-15T23:48:43.365] [DEBUG] cheese - null
[2020-03-15T23:49:28.809] [DEBUG] cheese - null
[2020-03-15T23:51:55.118] [DEBUG] cheese - null
[2020-03-15T23:55:50.301] [DEBUG] cheese - login => username:admin,password:123456
[2020-03-15T23:55:50.304] [DEBUG] cheese - admin
[2020-03-15T23:55:50.326] [DEBUG] cheese - null
[2020-03-15T23:55:50.327] [DEBUG] cheese - null
[2020-03-15T23:56:19.558] [DEBUG] cheese - null
[2020-03-15T23:58:42.042] [DEBUG] cheese - null
[2020-03-16T00:00:12.092] [DEBUG] cheese - null
[2020-03-16T00:01:13.432] [DEBUG] cheese - null
[2020-03-16T00:03:08.198] [DEBUG] cheese - null
[2020-03-16T12:13:10.768] [DEBUG] cheese - login => username:admin,password:123456
[2020-03-16T12:13:10.771] [DEBUG] cheese - admin
[2020-03-16T12:13:10.834] [DEBUG] cheese - null
[2020-03-16T12:13:10.835] [DEBUG] cheese - null
[2020-03-16T12:49:47.676] [DEBUG] cheese - login => username:admin,password:123456
[2020-03-16T12:49:47.678] [DEBUG] cheese - admin
[2020-03-16T12:49:47.742] [DEBUG] cheese - null
[2020-03-16T12:49:47.743] [DEBUG] cheese - null
[2020-03-16T12:51:42.794] [DEBUG] cheese - login => username:admin,password:123456
[2020-03-16T12:51:42.794] [DEBUG] cheese - admin
[2020-03-16T12:51:42.797] [DEBUG] cheese - null
[2020-03-16T12:51:42.799] [DEBUG] cheese - null
[2020-03-16T12:51:46.367] [DEBUG] cheese - login => username:admin,password:123456
[2020-03-16T12:51:46.367] [DEBUG] cheese - admin
[2020-03-16T12:51:46.374] [DEBUG] cheese - null
[2020-03-16T12:51:46.374] [DEBUG] cheese - null
[2020-03-16T12:52:12.644] [DEBUG] cheese - login => username:admin,password:123456
[2020-03-16T12:52:12.644] [DEBUG] cheese - admin
[2020-03-16T12:52:12.648] [DEBUG] cheese - null
[2020-03-16T12:52:12.649] [DEBUG] cheese - null
[2020-03-16T12:54:03.065] [DEBUG] cheese - login => username:admind,password:123456
[2020-03-16T12:54:03.065] [DEBUG] cheese - admind
[2020-03-16T12:54:03.070] [DEBUG] cheese - null
[2020-03-16T12:54:03.070] [DEBUG] cheese - null
[2020-03-16T12:54:04.514] [DEBUG] cheese - login => username:admind,password:123456d
[2020-03-16T12:54:04.514] [DEBUG] cheese - admind
[2020-03-16T12:54:04.518] [DEBUG] cheese - null
[2020-03-16T12:54:04.519] [DEBUG] cheese - null
[2020-03-16T12:54:08.746] [DEBUG] cheese - login => username:admin,password:123456d
[2020-03-16T12:54:08.746] [DEBUG] cheese - admin
[2020-03-16T12:54:08.750] [DEBUG] cheese - null
[2020-03-16T12:54:08.750] [DEBUG] cheese - null
[2020-03-16T12:54:10.934] [DEBUG] cheese - login => username:admin,password:123456
[2020-03-16T12:54:10.934] [DEBUG] cheese - admin
[2020-03-16T12:54:10.940] [DEBUG] cheese - null
[2020-03-16T12:54:10.940] [DEBUG] cheese - null
[2020-03-16T12:54:16.475] [DEBUG] cheese - login => username:admin,password:123456
[2020-03-16T12:54:16.475] [DEBUG] cheese - admin
[2020-03-16T12:54:16.480] [DEBUG] cheese - null
[2020-03-16T12:54:16.480] [DEBUG] cheese - null
[2020-03-16T12:56:06.701] [DEBUG] cheese - login => username:admin,password:123456
[2020-03-16T12:56:06.701] [DEBUG] cheese - admin
[2020-03-16T12:56:06.707] [DEBUG] cheese - null
[2020-03-16T12:56:06.707] [DEBUG] cheese - null
[2020-03-16T12:58:35.402] [DEBUG] cheese - login => username:admin,password:123456
[2020-03-16T12:58:35.402] [DEBUG] cheese - admin
[2020-03-16T12:58:35.406] [DEBUG] cheese - null
[2020-03-16T12:58:35.406] [DEBUG] cheese - null
[2020-03-16T12:59:06.959] [DEBUG] cheese - login => username:admin,password:123456
[2020-03-16T12:59:06.961] [DEBUG] cheese - admin
[2020-03-16T12:59:06.976] [DEBUG] cheese - null
[2020-03-16T12:59:06.977] [DEBUG] cheese - null
[2020-03-16T12:59:26.980] [DEBUG] cheese - login => username:admin,password:123456
[2020-03-16T12:59:26.982] [DEBUG] cheese - admin
[2020-03-16T12:59:26.996] [DEBUG] cheese - null
[2020-03-16T12:59:26.997] [DEBUG] cheese - null
[2020-03-16T13:00:05.518] [DEBUG] cheese - login => username:admin,password:123456
[2020-03-16T13:00:05.520] [DEBUG] cheese - admin
[2020-03-16T13:00:05.662] [DEBUG] cheese - null
[2020-03-16T13:00:05.663] [DEBUG] cheese - null
[2020-03-16T13:01:45.138] [DEBUG] cheese - login => username:admin,password:123456
[2020-03-16T13:01:45.140] [DEBUG] cheese - admin
[2020-03-16T13:01:45.188] [DEBUG] cheese - null
[2020-03-16T13:01:45.189] [DEBUG] cheese - null
[2020-03-16T13:31:26.233] [DEBUG] cheese - login => username:admin,password:123456
[2020-03-16T13:31:26.235] [DEBUG] cheese - admin
[2020-03-16T13:31:26.245] [DEBUG] cheese - null
[2020-03-16T13:31:26.246] [DEBUG] cheese - null
[2020-03-16T13:31:43.674] [DEBUG] cheese - login => username:admin,password:123456
[2020-03-16T13:31:43.674] [DEBUG] cheese - admin
[2020-03-16T13:31:43.677] [DEBUG] cheese - null
[2020-03-16T13:31:43.677] [DEBUG] cheese - null
[2020-03-16T13:34:32.851] [DEBUG] cheese - login => username:admin,password:123456
[2020-03-16T13:34:32.851] [DEBUG] cheese - admin
[2020-03-16T13:34:32.857] [DEBUG] cheese - null
[2020-03-16T13:34:32.857] [DEBUG] cheese - null
[2020-03-16T13:35:15.114] [DEBUG] cheese - login => username:admin,password:123456
[2020-03-16T13:35:15.114] [DEBUG] cheese - admin
[2020-03-16T13:35:15.118] [DEBUG] cheese - null
[2020-03-16T13:35:15.118] [DEBUG] cheese - null
[2020-03-16T13:40:36.457] [DEBUG] cheese - login => username:admin,password:123456
[2020-03-16T13:40:36.457] [DEBUG] cheese - admin
[2020-03-16T13:40:36.460] [DEBUG] cheese - null
[2020-03-16T13:40:36.460] [DEBUG] cheese - null
[2020-03-16T13:41:06.099] [DEBUG] cheese - login => username:admin,password:123456
[2020-03-16T13:41:06.102] [DEBUG] cheese - admin
[2020-03-16T13:41:06.148] [DEBUG] cheese - null
[2020-03-16T13:41:06.148] [DEBUG] cheese - null
[2020-03-16T14:44:19.356] [DEBUG] cheese - login => username:admin,password:123456
[2020-03-16T14:44:19.358] [DEBUG] cheese - admin
[2020-03-16T14:44:19.363] [DEBUG] cheese - null
[2020-03-16T14:44:19.364] [DEBUG] cheese - null
[2020-03-16T16:27:52.209] [DEBUG] cheese - login => username:admin,password:123456
[2020-03-16T16:27:52.211] [DEBUG] cheese - admin
[2020-03-16T16:27:52.223] [DEBUG] cheese - null
[2020-03-16T16:27:52.224] [DEBUG] cheese - null
[2020-03-16T17:00:45.965] [DEBUG] cheese - login => username:hoongs,password:123456
[2020-03-16T17:00:45.969] [DEBUG] cheese - hoongs
[2020-03-16T17:00:45.974] [DEBUG] cheese - null
[2020-03-16T17:00:45.976] [DEBUG] cheese - null
[2020-03-16T17:00:49.969] [DEBUG] cheese - login => username:admin,password:123456
[2020-03-16T17:00:49.970] [DEBUG] cheese - admin
[2020-03-16T17:00:49.973] [DEBUG] cheese - null
[2020-03-16T17:00:49.973] [DEBUG] cheese - null
[2020-03-16T17:01:01.288] [DEBUG] cheese - login => username:hoongs,password:123456
[2020-03-16T17:01:01.288] [DEBUG] cheese - hoongs
[2020-03-16T17:01:01.292] [DEBUG] cheese - null
[2020-03-16T17:01:01.292] [DEBUG] cheese - null
[2020-03-16T17:02:13.980] [DEBUG] cheese - login => username:hoongs,password:123456
[2020-03-16T17:02:13.980] [DEBUG] cheese - hoongs
[2020-03-16T17:02:13.984] [DEBUG] cheese - null
[2020-03-16T17:02:13.984] [DEBUG] cheese - null
[2020-03-16T17:04:39.250] [DEBUG] cheese - login => username:hoongs,password:123456
[2020-03-16T17:04:39.252] [DEBUG] cheese - hoongs
[2020-03-16T17:04:39.279] [DEBUG] cheese - null
[2020-03-16T17:04:39.280] [DEBUG] cheese - null
[2020-03-16T17:05:45.869] [DEBUG] cheese - login => username:admin,password:123456
[2020-03-16T17:05:45.872] [DEBUG] cheese - admin
[2020-03-16T17:05:45.890] [DEBUG] cheese - null
[2020-03-16T17:05:45.891] [DEBUG] cheese - null
[2020-03-16T17:05:55.724] [DEBUG] cheese - login => username:hoongs,password:123456
[2020-03-16T17:05:55.724] [DEBUG] cheese - hoongs
[2020-03-16T17:05:55.730] [DEBUG] cheese - null
[2020-03-16T17:05:55.730] [DEBUG] cheese - null
[2020-03-16T17:06:28.987] [DEBUG] cheese - login => username:hoongs,password:123456
[2020-03-16T17:06:28.988] [DEBUG] cheese - hoongs
[2020-03-16T17:06:28.992] [DEBUG] cheese - null
[2020-03-16T17:06:28.992] [DEBUG] cheese - null
[2020-03-16T17:06:39.586] [DEBUG] cheese - login => username:hoongs,password:123456
[2020-03-16T17:06:39.588] [DEBUG] cheese - hoongs
[2020-03-16T17:06:39.649] [DEBUG] cheese - null
[2020-03-16T17:06:39.650] [DEBUG] cheese - null
[2020-03-16T17:07:30.216] [DEBUG] cheese - login => username:admin,password:123456
[2020-03-16T17:07:30.216] [DEBUG] cheese - admin
[2020-03-16T17:07:30.222] [DEBUG] cheese - null
[2020-03-16T17:07:30.222] [DEBUG] cheese - null
[2020-03-16T17:17:52.202] [DEBUG] cheese - login => username:admin,password:123456
[2020-03-16T17:17:52.205] [DEBUG] cheese - admin
[2020-03-16T17:17:52.224] [DEBUG] cheese - null
[2020-03-16T17:17:52.226] [DEBUG] cheese - null
[2020-03-16T17:32:44.109] [DEBUG] cheese - login => username:hoongs,password:123456
[2020-03-16T17:32:44.112] [DEBUG] cheese - hoongs
[2020-03-16T17:32:44.118] [DEBUG] cheese - null
[2020-03-16T17:32:44.118] [DEBUG] cheese - null
[2020-03-16T17:32:54.920] [DEBUG] cheese - login => username:admin,password:123456
[2020-03-16T17:32:54.920] [DEBUG] cheese - admin
[2020-03-16T17:32:54.925] [DEBUG] cheese - null
[2020-03-16T17:32:54.925] [DEBUG] cheese - null
[2020-03-16T17:33:08.267] [DEBUG] cheese - login => username:hoongs,password:123456
[2020-03-16T17:33:08.267] [DEBUG] cheese - hoongs
[2020-03-16T17:33:08.274] [DEBUG] cheese - null
[2020-03-16T17:33:08.274] [DEBUG] cheese - null
[2020-03-16T17:33:15.087] [DEBUG] cheese - login => username:hoongs,password:123456
[2020-03-16T17:33:15.087] [DEBUG] cheese - hoongs
[2020-03-16T17:33:15.093] [DEBUG] cheese - null
[2020-03-16T17:33:15.093] [DEBUG] cheese - null
[2020-03-16T17:33:18.840] [DEBUG] cheese - login => username:hoongs,password:111111
[2020-03-16T17:33:18.840] [DEBUG] cheese - hoongs
[2020-03-16T17:33:18.848] [DEBUG] cheese - null
[2020-03-16T17:33:18.848] [DEBUG] cheese - null
[2020-03-16T17:33:22.479] [DEBUG] cheese - null
[2020-03-16T17:33:22.489] [DEBUG] cheese - null
[2020-03-16T17:37:23.179] [DEBUG] cheese - login => username:hoongs,password:111111
[2020-03-16T17:37:23.179] [DEBUG] cheese - hoongs
[2020-03-16T17:37:23.183] [DEBUG] cheese - null
[2020-03-16T17:37:23.184] [DEBUG] cheese - null
[2020-03-16T17:38:51.009] [DEBUG] cheese - null
[2020-03-16T17:38:51.015] [DEBUG] cheese - null
[2020-03-16T17:39:42.355] [DEBUG] cheese - null
[2020-03-16T17:39:42.369] [DEBUG] cheese - null
[2020-03-16T17:39:48.456] [DEBUG] cheese - null
[2020-03-16T17:39:48.465] [DEBUG] cheese - null
[2020-03-16T17:39:57.710] [DEBUG] cheese - null
[2020-03-16T17:39:57.722] [DEBUG] cheese - null
[2020-03-16T17:41:02.486] [DEBUG] cheese - null
[2020-03-16T17:41:02.491] [DEBUG] cheese - null
[2020-03-16T17:41:25.227] [DEBUG] cheese - null
[2020-03-16T17:41:25.232] [DEBUG] cheese - null
[2020-03-16T17:41:49.275] [DEBUG] cheese - null
[2020-03-16T17:41:49.286] [DEBUG] cheese - null
[2020-03-16T17:41:56.860] [DEBUG] cheese - null
[2020-03-16T17:41:56.866] [DEBUG] cheese - null
[2020-03-16T17:42:02.154] [DEBUG] cheese - null
[2020-03-16T17:42:02.165] [DEBUG] cheese - null
[2020-03-16T17:42:44.057] [DEBUG] cheese - null
[2020-03-16T17:42:44.062] [DEBUG] cheese - null
[2020-03-16T17:43:29.204] [DEBUG] cheese - null
[2020-03-16T17:43:29.209] [DEBUG] cheese - null
[2020-03-16T17:43:37.397] [DEBUG] cheese - null
[2020-03-16T17:43:37.401] [DEBUG] cheese - null
[2020-03-16T17:44:58.768] [DEBUG] cheese - null
[2020-03-16T17:44:58.773] [DEBUG] cheese - null
[2020-03-16T17:45:50.299] [DEBUG] cheese - null
[2020-03-16T17:45:50.305] [DEBUG] cheese - null
[2020-03-16T17:45:50.401] [DEBUG] cheese - null
[2020-03-16T17:45:50.406] [DEBUG] cheese - null
[2020-03-16T17:45:50.481] [DEBUG] cheese - null
[2020-03-16T17:45:50.485] [DEBUG] cheese - null
[2020-03-16T17:45:55.878] [DEBUG] cheese - null
[2020-03-16T17:45:55.886] [DEBUG] cheese - null
[2020-03-16T17:46:01.378] [DEBUG] cheese - null
[2020-03-16T17:46:01.383] [DEBUG] cheese - null
[2020-03-16T17:46:47.461] [DEBUG] cheese - null
[2020-03-16T17:46:47.466] [DEBUG] cheese - null
[2020-03-16T17:46:58.348] [DEBUG] cheese - null
[2020-03-16T17:46:58.352] [DEBUG] cheese - null
[2020-03-16T17:47:13.013] [DEBUG] cheese - null
[2020-03-16T17:47:13.017] [DEBUG] cheese - null
[2020-03-16T17:47:46.745] [DEBUG] cheese - null
[2020-03-16T17:47:46.756] [DEBUG] cheese - null
[2020-03-16T17:47:57.408] [DEBUG] cheese - null
[2020-03-16T17:47:57.430] [DEBUG] cheese - null
[2020-03-16T17:48:59.903] [DEBUG] cheese - null
[2020-03-16T17:48:59.908] [DEBUG] cheese - null
[2020-03-16T17:49:14.706] [DEBUG] cheese - null
[2020-03-16T17:49:14.713] [DEBUG] cheese - null
[2020-03-16T17:49:41.763] [DEBUG] cheese - null
[2020-03-16T17:49:41.774] [DEBUG] cheese - null
[2020-03-16T17:50:16.054] [DEBUG] cheese - null
[2020-03-16T17:50:16.059] [DEBUG] cheese - null
[2020-03-16T17:50:23.404] [DEBUG] cheese - null
[2020-03-16T17:50:23.419] [DEBUG] cheese - null
[2020-03-16T17:50:46.488] [DEBUG] cheese - null
[2020-03-16T17:50:46.495] [DEBUG] cheese - null
[2020-03-16T17:50:49.134] [DEBUG] cheese - null
[2020-03-16T17:50:49.138] [DEBUG] cheese - null
[2020-03-16T17:50:50.895] [DEBUG] cheese - null
[2020-03-16T17:50:50.899] [DEBUG] cheese - null
[2020-03-16T17:50:52.369] [DEBUG] cheese - null
[2020-03-16T17:50:52.372] [DEBUG] cheese - null
[2020-03-16T17:51:02.188] [DEBUG] cheese - login => username:admin,password:123456
[2020-03-16T17:51:02.188] [DEBUG] cheese - admin
[2020-03-16T17:51:02.193] [DEBUG] cheese - null
[2020-03-16T17:51:02.193] [DEBUG] cheese - null
[2020-03-16T18:08:46.082] [DEBUG] cheese - null
[2020-03-16T18:21:04.204] [DEBUG] cheese - login => username:admin,password:123456
[2020-03-16T18:21:04.204] [DEBUG] cheese - admin
[2020-03-16T18:21:04.213] [DEBUG] cheese - null
[2020-03-16T18:21:04.214] [DEBUG] cheese - null
[2020-03-16T18:37:11.920] [DEBUG] cheese - login => username:admin,password:123456
[2020-03-16T18:37:11.920] [DEBUG] cheese - admin
[2020-03-16T18:37:11.932] [DEBUG] cheese - null
[2020-03-16T18:37:11.933] [DEBUG] cheese - null
[2020-03-16T22:02:18.137] [DEBUG] cheese - login => username:admin,password:123456
[2020-03-16T22:02:18.141] [DEBUG] cheese - admin
[2020-03-16T22:02:18.232] [DEBUG] cheese - null
[2020-03-16T22:02:18.233] [DEBUG] cheese - null
[2020-03-16T22:06:29.111] [DEBUG] cheese - login => username:admin,password:123456
[2020-03-16T22:06:29.112] [DEBUG] cheese - admin
[2020-03-16T22:06:29.116] [DEBUG] cheese - null
[2020-03-16T22:06:29.116] [DEBUG] cheese - null
[2020-03-16T22:07:00.624] [DEBUG] cheese - null
[2020-03-16T22:07:13.760] [DEBUG] cheese - null
[2020-03-16T22:08:58.179] [DEBUG] cheese - login => username:admin,password:123456
[2020-03-16T22:08:58.181] [DEBUG] cheese - admin
[2020-03-16T22:08:58.188] [DEBUG] cheese - null
[2020-03-16T22:08:58.189] [DEBUG] cheese - null
[2020-03-16T22:20:16.540] [DEBUG] cheese - login => username:admin,password:123456
[2020-03-16T22:20:16.540] [DEBUG] cheese - admin
[2020-03-16T22:20:16.543] [DEBUG] cheese - null
[2020-03-16T22:20:16.544] [DEBUG] cheese - null
[2020-03-16T22:39:32.824] [DEBUG] cheese - login => username:admin,password:123456
[2020-03-16T22:39:32.825] [DEBUG] cheese - admin
[2020-03-16T22:39:32.839] [DEBUG] cheese - null
[2020-03-16T22:39:32.840] [DEBUG] cheese - null
[2020-03-16T22:39:48.014] [DEBUG] cheese - login => username:admin,password:123456
[2020-03-16T22:39:48.014] [DEBUG] cheese - admin
[2020-03-16T22:39:48.020] [DEBUG] cheese - null
[2020-03-16T22:39:48.020] [DEBUG] cheese - null
[2020-03-16T22:39:55.713] [DEBUG] cheese - login => username:admin,password:123456
[2020-03-16T22:39:55.714] [DEBUG] cheese - admin
[2020-03-16T22:39:55.719] [DEBUG] cheese - null
[2020-03-16T22:39:55.720] [DEBUG] cheese - null
[2020-03-16T22:40:48.752] [DEBUG] cheese - login => username:admin,password:123456
[2020-03-16T22:40:48.752] [DEBUG] cheese - admin
[2020-03-16T22:40:48.757] [DEBUG] cheese - null
[2020-03-16T22:40:48.757] [DEBUG] cheese - null
[2020-03-16T22:40:54.246] [DEBUG] cheese - login => username:admin,password:123456
[2020-03-16T22:40:54.247] [DEBUG] cheese - admin
[2020-03-16T22:40:54.251] [DEBUG] cheese - null
[2020-03-16T22:40:54.251] [DEBUG] cheese - null
[2020-03-16T22:42:24.277] [DEBUG] cheese - login => username:admin,password:123456
[2020-03-16T22:42:24.277] [DEBUG] cheese - admin
[2020-03-16T22:42:24.281] [DEBUG] cheese - null
[2020-03-16T22:42:24.281] [DEBUG] cheese - null
[2020-03-16T22:42:49.394] [DEBUG] cheese - login => username:admin,password:123456
[2020-03-16T22:42:49.394] [DEBUG] cheese - admin
[2020-03-16T22:42:49.398] [DEBUG] cheese - null
[2020-03-16T22:42:49.398] [DEBUG] cheese - null
[2020-03-16T22:43:59.756] [DEBUG] cheese - null
[2020-03-16T22:47:31.139] [DEBUG] cheese - login => username:admin,password:123456
[2020-03-16T22:47:31.142] [DEBUG] cheese - admin
[2020-03-16T22:47:31.169] [DEBUG] cheese - null
[2020-03-16T22:47:31.170] [DEBUG] cheese - null
[2020-03-16T22:48:49.520] [DEBUG] cheese - login => username:admin,password:123456
[2020-03-16T22:48:49.522] [DEBUG] cheese - admin
[2020-03-16T22:48:49.549] [DEBUG] cheese - null
[2020-03-16T22:48:49.550] [DEBUG] cheese - null
[2020-03-16T22:58:56.949] [DEBUG] cheese - login => username:admin,password:123456
[2020-03-16T22:58:56.952] [DEBUG] cheese - admin
[2020-03-16T22:58:56.968] [DEBUG] cheese - null
[2020-03-16T22:58:56.969] [DEBUG] cheese - null
[2020-03-20T18:11:36.865] [DEBUG] cheese - login => username:admin,password:123456
[2020-03-20T18:11:36.868] [DEBUG] cheese - admin
[2020-03-20T18:11:36.943] [DEBUG] cheese - null
[2020-03-20T18:11:36.945] [DEBUG] cheese - null
[2020-03-20T18:19:52.457] [DEBUG] cheese - login => username:admin,password:123456
[2020-03-20T18:19:52.459] [DEBUG] cheese - admin
[2020-03-20T18:19:52.464] [DEBUG] cheese - null
[2020-03-20T18:19:52.465] [DEBUG] cheese - null
